[xdrs67@login1.ham8 bin]$ for file in HPCG-Benchmark_3.1_2023-04-1*; do   echo "BRUHBRUHBRUH\\n\\nBRUHBRUHBRUHBRUHBRUH";   cat "$file"; done
BRUHBRUHBRUH\n\nBRUHBRUHBRUHBRUHBRUH
HPCG-Benchmark
version=3.1
Release date=March 28, 2019
Machine Summary=
Machine Summary::Distributed Processes=1024
Machine Summary::Threads per processes=1
Global Problem Dimensions=
Global Problem Dimensions::Global nx=2048
Global Problem Dimensions::Global ny=1024
Global Problem Dimensions::Global nz=1024
Processor Dimensions=
Processor Dimensions::npx=16
Processor Dimensions::npy=8
Processor Dimensions::npz=8
Local Domain Dimensions=
Local Domain Dimensions::nx=128
Local Domain Dimensions::ny=128
Local Domain Dimensions::Lower ipz=0
Local Domain Dimensions::Upper ipz=7
Local Domain Dimensions::nz=128
########## Problem Summary  ##########=
Setup Information=
Setup Information::Setup Time=8.33657
Linear System Information=
Linear System Information::Number of Equations=2147483648
Linear System Information::Number of Nonzero Terms=57887735800
Multigrid Information=
Multigrid Information::Number of coarse grid levels=3
Multigrid Information::Coarse Grids=
Multigrid Information::Coarse Grids::Grid Level=1
Multigrid Information::Coarse Grids::Number of Equations=268435456
Multigrid Information::Coarse Grids::Number of Nonzero Terms=7224188920
Multigrid Information::Coarse Grids::Number of Presmoother Steps=1
Multigrid Information::Coarse Grids::Number of Postsmoother Steps=1
Multigrid Information::Coarse Grids::Grid Level=2
Multigrid Information::Coarse Grids::Number of Equations=33554432
Multigrid Information::Coarse Grids::Number of Nonzero Terms=900083704
Multigrid Information::Coarse Grids::Number of Presmoother Steps=1
Multigrid Information::Coarse Grids::Number of Postsmoother Steps=1
Multigrid Information::Coarse Grids::Grid Level=3
Multigrid Information::Coarse Grids::Number of Equations=4194304
Multigrid Information::Coarse Grids::Number of Nonzero Terms=111777784
Multigrid Information::Coarse Grids::Number of Presmoother Steps=1
Multigrid Information::Coarse Grids::Number of Postsmoother Steps=1
########## Memory Use Summary  ##########=
Memory Use Information=
Memory Use Information::Total memory used for data (Gbytes)=1535.87
Memory Use Information::Memory used for OptimizeProblem data (Gbytes)=0
Memory Use Information::Bytes per equation (Total memory / Number of Equations)=715.193
Memory Use Information::Memory used for linear system and CG (Gbytes)=1351.58
Memory Use Information::Coarse Grids=
Memory Use Information::Coarse Grids::Grid Level=1
Memory Use Information::Coarse Grids::Memory used=161.534
Memory Use Information::Coarse Grids::Grid Level=2
Memory Use Information::Coarse Grids::Memory used=20.2182
Memory Use Information::Coarse Grids::Grid Level=3
Memory Use Information::Coarse Grids::Memory used=2.53417
########## V&V Testing Summary  ##########=
Spectral Convergence Tests=
Spectral Convergence Tests::Result=PASSED
Spectral Convergence Tests::Unpreconditioned=
Spectral Convergence Tests::Unpreconditioned::Maximum iteration count=11
Spectral Convergence Tests::Unpreconditioned::Expected iteration count=12
Spectral Convergence Tests::Preconditioned=
Spectral Convergence Tests::Preconditioned::Maximum iteration count=2
Spectral Convergence Tests::Preconditioned::Expected iteration count=2
Departure from Symmetry |x'Ay-y'Ax|/(2*||x||*||A||*||y||)/epsilon=
Departure from Symmetry |x'Ay-y'Ax|/(2*||x||*||A||*||y||)/epsilon::Result=PASSED
Departure from Symmetry |x'Ay-y'Ax|/(2*||x||*||A||*||y||)/epsilon::Departure for SpMV=2.29232e-11
Departure from Symmetry |x'Ay-y'Ax|/(2*||x||*||A||*||y||)/epsilon::Departure for MG=1.23354e-11
########## Iterations Summary  ##########=
Iteration Count Information=
Iteration Count Information::Result=PASSED
Iteration Count Information::Reference CG iterations per set=50
Iteration Count Information::Optimized CG iterations per set=50
Iteration Count Information::Total number of reference iterations=2300
Iteration Count Information::Total number of optimized iterations=2300
########## Reproducibility Summary  ##########=
Reproducibility Information=
Reproducibility Information::Result=PASSED
Reproducibility Information::Scaled residual mean=0.00501271
Reproducibility Information::Scaled residual variance=0
########## Performance Summary (times in sec) ##########=
Benchmark Time Summary=
Benchmark Time Summary::Optimization phase=2.01e-07
Benchmark Time Summary::DDOT=467.153
Benchmark Time Summary::WAXPBY=150.015
Benchmark Time Summary::SpMV=822.868
Benchmark Time Summary::MG=4752.93
Benchmark Time Summary::Total=6193.77
Floating Point Operations Summary=
Floating Point Operations Summary::Raw DDOT=2.98328e+13
Floating Point Operations Summary::Raw WAXPBY=2.98328e+13
Floating Point Operations Summary::Raw SpMV=2.71609e+14
Floating Point Operations Summary::Raw MG=1.5193e+15
Floating Point Operations Summary::Total=1.85058e+15
Floating Point Operations Summary::Total with convergence overhead=1.85058e+15
GB/s Summary=
GB/s Summary::Raw Read B/W=1840.3
GB/s Summary::Raw Write B/W=425.27
GB/s Summary::Raw Total B/W=2265.57
GB/s Summary::Total with convergence and optimization phase overhead=2251.63
GFLOP/s Summary=
GFLOP/s Summary::Raw DDOT=63.861
GFLOP/s Summary::Raw WAXPBY=198.866
GFLOP/s Summary::Raw SpMV=330.076
GFLOP/s Summary::Raw MG=319.656
GFLOP/s Summary::Raw Total=298.781
GFLOP/s Summary::Total with convergence overhead=298.781
GFLOP/s Summary::Total with convergence and optimization phase overhead=296.942
User Optimization Overheads=
User Optimization Overheads::Optimization phase time (sec)=2.01e-07
User Optimization Overheads::Optimization phase time vs reference SpMV+MG time=7.01159e-08
DDOT Timing Variations=
DDOT Timing Variations::Min DDOT MPI_Allreduce time=243.413
DDOT Timing Variations::Max DDOT MPI_Allreduce time=1127.36
DDOT Timing Variations::Avg DDOT MPI_Allreduce time=361.306
Final Summary=
Final Summary::HPCG result is VALID with a GFLOP/s rating of=296.942
Final Summary::HPCG 2.4 rating for historical reasons is=298.781
Final Summary::Reference version of ComputeDotProduct used=Performance results are most likely suboptimal
Final Summary::Reference version of ComputeSPMV used=Performance results are most likely suboptimal
Final Summary::Reference version of ComputeMG used=Performance results are most likely suboptimal
Final Summary::Reference version of ComputeWAXPBY used=Performance results are most likely suboptimal
Final Summary::Please upload results from the YAML file contents to=http://hpcg-benchmark.org
BRUHBRUHBRUH\n\nBRUHBRUHBRUHBRUHBRUH
HPCG-Benchmark
version=3.1
Release date=March 28, 2019
Machine Summary=
Machine Summary::Distributed Processes=512
Machine Summary::Threads per processes=1
Global Problem Dimensions=
Global Problem Dimensions::Global nx=1024
Global Problem Dimensions::Global ny=1024
Global Problem Dimensions::Global nz=1024
Processor Dimensions=
Processor Dimensions::npx=8
Processor Dimensions::npy=8
Processor Dimensions::npz=8
Local Domain Dimensions=
Local Domain Dimensions::nx=128
Local Domain Dimensions::ny=128
Local Domain Dimensions::Lower ipz=0
Local Domain Dimensions::Upper ipz=7
Local Domain Dimensions::nz=128
########## Problem Summary  ##########=
Setup Information=
Setup Information::Setup Time=9.0006
Linear System Information=
Linear System Information::Number of Equations=1073741824
Linear System Information::Number of Nonzero Terms=28934443000
Multigrid Information=
Multigrid Information::Number of coarse grid levels=3
Multigrid Information::Coarse Grids=
Multigrid Information::Coarse Grids::Grid Level=1
Multigrid Information::Coarse Grids::Number of Equations=134217728
Multigrid Information::Coarse Grids::Number of Nonzero Terms=3609741304
Multigrid Information::Coarse Grids::Number of Presmoother Steps=1
Multigrid Information::Coarse Grids::Number of Postsmoother Steps=1
Multigrid Information::Coarse Grids::Grid Level=2
Multigrid Information::Coarse Grids::Number of Equations=16777216
Multigrid Information::Coarse Grids::Number of Nonzero Terms=449455096
Multigrid Information::Coarse Grids::Number of Presmoother Steps=1
Multigrid Information::Coarse Grids::Number of Postsmoother Steps=1
Multigrid Information::Coarse Grids::Grid Level=3
Multigrid Information::Coarse Grids::Number of Equations=2097152
Multigrid Information::Coarse Grids::Number of Nonzero Terms=55742968
Multigrid Information::Coarse Grids::Number of Presmoother Steps=1
Multigrid Information::Coarse Grids::Number of Postsmoother Steps=1
########## Memory Use Summary  ##########=
Memory Use Information=
Memory Use Information::Total memory used for data (Gbytes)=767.933
Memory Use Information::Memory used for OptimizeProblem data (Gbytes)=0
Memory Use Information::Bytes per equation (Total memory / Number of Equations)=715.193
Memory Use Information::Memory used for linear system and CG (Gbytes)=675.789
Memory Use Information::Coarse Grids=
Memory Use Information::Coarse Grids::Grid Level=1
Memory Use Information::Coarse Grids::Memory used=80.7672
Memory Use Information::Coarse Grids::Grid Level=2
Memory Use Information::Coarse Grids::Memory used=10.1091
Memory Use Information::Coarse Grids::Grid Level=3
Memory Use Information::Coarse Grids::Memory used=1.26709
########## V&V Testing Summary  ##########=
Spectral Convergence Tests=
Spectral Convergence Tests::Result=PASSED
Spectral Convergence Tests::Unpreconditioned=
Spectral Convergence Tests::Unpreconditioned::Maximum iteration count=11
Spectral Convergence Tests::Unpreconditioned::Expected iteration count=12
Spectral Convergence Tests::Preconditioned=
Spectral Convergence Tests::Preconditioned::Maximum iteration count=2
Spectral Convergence Tests::Preconditioned::Expected iteration count=2
Departure from Symmetry |x'Ay-y'Ax|/(2*||x||*||A||*||y||)/epsilon=
Departure from Symmetry |x'Ay-y'Ax|/(2*||x||*||A||*||y||)/epsilon::Result=PASSED
Departure from Symmetry |x'Ay-y'Ax|/(2*||x||*||A||*||y||)/epsilon::Departure for SpMV=6.21906e-11
Departure from Symmetry |x'Ay-y'Ax|/(2*||x||*||A||*||y||)/epsilon::Departure for MG=2.79601e-11
########## Iterations Summary  ##########=
Iteration Count Information=
Iteration Count Information::Result=PASSED
Iteration Count Information::Reference CG iterations per set=50
Iteration Count Information::Optimized CG iterations per set=50
Iteration Count Information::Total number of reference iterations=2350
Iteration Count Information::Total number of optimized iterations=2350
########## Reproducibility Summary  ##########=
Reproducibility Information=
Reproducibility Information::Result=PASSED
Reproducibility Information::Scaled residual mean=0.0049362
Reproducibility Information::Scaled residual variance=0
########## Performance Summary (times in sec) ##########=
Benchmark Time Summary=
Benchmark Time Summary::Optimization phase=4.7e-07
Benchmark Time Summary::DDOT=273.424
Benchmark Time Summary::WAXPBY=151.215
Benchmark Time Summary::SpMV=849.036
Benchmark Time Summary::MG=4856.01
Benchmark Time Summary::Total=6130.5
Floating Point Operations Summary=
Floating Point Operations Summary::Raw DDOT=1.52407e+13
Floating Point Operations Summary::Raw WAXPBY=1.52407e+13
Floating Point Operations Summary::Raw SpMV=1.38712e+14
Floating Point Operations Summary::Raw MG=7.75875e+14
Floating Point Operations Summary::Total=9.45068e+14
Floating Point Operations Summary::Total with convergence overhead=9.45068e+14
GB/s Summary=
GB/s Summary::Raw Read B/W=949.527
GB/s Summary::Raw Write B/W=219.424
GB/s Summary::Raw Total B/W=1168.95
GB/s Summary::Total with convergence and optimization phase overhead=1160.94
GFLOP/s Summary=
GFLOP/s Summary::Raw DDOT=55.7401
GFLOP/s Summary::Raw WAXPBY=100.788
GFLOP/s Summary::Raw SpMV=163.375
GFLOP/s Summary::Raw MG=159.776
GFLOP/s Summary::Raw Total=154.158
GFLOP/s Summary::Total with convergence overhead=154.158
GFLOP/s Summary::Total with convergence and optimization phase overhead=153.102
User Optimization Overheads=
User Optimization Overheads::Optimization phase time (sec)=4.7e-07
User Optimization Overheads::Optimization phase time vs reference SpMV+MG time=1.89836e-07
DDOT Timing Variations=
DDOT Timing Variations::Min DDOT MPI_Allreduce time=126.933
DDOT Timing Variations::Max DDOT MPI_Allreduce time=275.083
DDOT Timing Variations::Avg DDOT MPI_Allreduce time=171.96
Final Summary=
Final Summary::HPCG result is VALID with a GFLOP/s rating of=153.102
Final Summary::HPCG 2.4 rating for historical reasons is=154.158
Final Summary::Reference version of ComputeDotProduct used=Performance results are most likely suboptimal
Final Summary::Reference version of ComputeSPMV used=Performance results are most likely suboptimal
Final Summary::Reference version of ComputeMG used=Performance results are most likely suboptimal
Final Summary::Reference version of ComputeWAXPBY used=Performance results are most likely suboptimal
Final Summary::Please upload results from the YAML file contents to=http://hpcg-benchmark.org
BRUHBRUHBRUH\n\nBRUHBRUHBRUHBRUHBRUH
HPCG-Benchmark
version=3.1
Release date=March 28, 2019
Machine Summary=
Machine Summary::Distributed Processes=512
Machine Summary::Threads per processes=1
Global Problem Dimensions=
Global Problem Dimensions::Global nx=1024
Global Problem Dimensions::Global ny=1024
Global Problem Dimensions::Global nz=1024
Processor Dimensions=
Processor Dimensions::npx=8
Processor Dimensions::npy=8
Processor Dimensions::npz=8
Local Domain Dimensions=
Local Domain Dimensions::nx=128
Local Domain Dimensions::ny=128
Local Domain Dimensions::Lower ipz=0
Local Domain Dimensions::Upper ipz=7
Local Domain Dimensions::nz=128
########## Problem Summary  ##########=
Setup Information=
Setup Information::Setup Time=17.6877
Linear System Information=
Linear System Information::Number of Equations=1073741824
Linear System Information::Number of Nonzero Terms=28934443000
Multigrid Information=
Multigrid Information::Number of coarse grid levels=3
Multigrid Information::Coarse Grids=
Multigrid Information::Coarse Grids::Grid Level=1
Multigrid Information::Coarse Grids::Number of Equations=134217728
Multigrid Information::Coarse Grids::Number of Nonzero Terms=3609741304
Multigrid Information::Coarse Grids::Number of Presmoother Steps=1
Multigrid Information::Coarse Grids::Number of Postsmoother Steps=1
Multigrid Information::Coarse Grids::Grid Level=2
Multigrid Information::Coarse Grids::Number of Equations=16777216
Multigrid Information::Coarse Grids::Number of Nonzero Terms=449455096
Multigrid Information::Coarse Grids::Number of Presmoother Steps=1
Multigrid Information::Coarse Grids::Number of Postsmoother Steps=1
Multigrid Information::Coarse Grids::Grid Level=3
Multigrid Information::Coarse Grids::Number of Equations=2097152
Multigrid Information::Coarse Grids::Number of Nonzero Terms=55742968
Multigrid Information::Coarse Grids::Number of Presmoother Steps=1
Multigrid Information::Coarse Grids::Number of Postsmoother Steps=1
########## Memory Use Summary  ##########=
Memory Use Information=
Memory Use Information::Total memory used for data (Gbytes)=767.933
Memory Use Information::Memory used for OptimizeProblem data (Gbytes)=0
Memory Use Information::Bytes per equation (Total memory / Number of Equations)=715.193
Memory Use Information::Memory used for linear system and CG (Gbytes)=675.789
Memory Use Information::Coarse Grids=
Memory Use Information::Coarse Grids::Grid Level=1
Memory Use Information::Coarse Grids::Memory used=80.7672
Memory Use Information::Coarse Grids::Grid Level=2
Memory Use Information::Coarse Grids::Memory used=10.1091
Memory Use Information::Coarse Grids::Grid Level=3
Memory Use Information::Coarse Grids::Memory used=1.26709
########## V&V Testing Summary  ##########=
Spectral Convergence Tests=
Spectral Convergence Tests::Result=PASSED
Spectral Convergence Tests::Unpreconditioned=
Spectral Convergence Tests::Unpreconditioned::Maximum iteration count=11
Spectral Convergence Tests::Unpreconditioned::Expected iteration count=12
Spectral Convergence Tests::Preconditioned=
Spectral Convergence Tests::Preconditioned::Maximum iteration count=2
Spectral Convergence Tests::Preconditioned::Expected iteration count=2
Departure from Symmetry |x'Ay-y'Ax|/(2*||x||*||A||*||y||)/epsilon=
Departure from Symmetry |x'Ay-y'Ax|/(2*||x||*||A||*||y||)/epsilon::Result=PASSED
Departure from Symmetry |x'Ay-y'Ax|/(2*||x||*||A||*||y||)/epsilon::Departure for SpMV=6.21906e-11
Departure from Symmetry |x'Ay-y'Ax|/(2*||x||*||A||*||y||)/epsilon::Departure for MG=2.79601e-11
########## Iterations Summary  ##########=
Iteration Count Information=
Iteration Count Information::Result=PASSED
Iteration Count Information::Reference CG iterations per set=50
Iteration Count Information::Optimized CG iterations per set=50
Iteration Count Information::Total number of reference iterations=2300
Iteration Count Information::Total number of optimized iterations=2300
########## Reproducibility Summary  ##########=
Reproducibility Information=
Reproducibility Information::Result=PASSED
Reproducibility Information::Scaled residual mean=0.0049362
Reproducibility Information::Scaled residual variance=0
########## Performance Summary (times in sec) ##########=
Benchmark Time Summary=
Benchmark Time Summary::Optimization phase=1.152e-06
Benchmark Time Summary::DDOT=273.694
Benchmark Time Summary::WAXPBY=148.301
Benchmark Time Summary::SpMV=836.809
Benchmark Time Summary::MG=4780.55
Benchmark Time Summary::Total=6040.15
Floating Point Operations Summary=
Floating Point Operations Summary::Raw DDOT=1.49164e+13
Floating Point Operations Summary::Raw WAXPBY=1.49164e+13
Floating Point Operations Summary::Raw SpMV=1.3576e+14
Floating Point Operations Summary::Raw MG=7.59367e+14
Floating Point Operations Summary::Total=9.2496e+14
Floating Point Operations Summary::Total with convergence overhead=9.2496e+14
GB/s Summary=
GB/s Summary::Raw Read B/W=943.226
GB/s Summary::Raw Write B/W=217.968
GB/s Summary::Raw Total B/W=1161.19
GB/s Summary::Total with convergence and optimization phase overhead=1145.76
GFLOP/s Summary=
GFLOP/s Summary::Raw DDOT=54.5003
GFLOP/s Summary::Raw WAXPBY=100.582
GFLOP/s Summary::Raw SpMV=162.236
GFLOP/s Summary::Raw MG=158.845
GFLOP/s Summary::Raw Total=153.135
GFLOP/s Summary::Total with convergence overhead=153.135
GFLOP/s Summary::Total with convergence and optimization phase overhead=151.1
User Optimization Overheads=
User Optimization Overheads::Optimization phase time (sec)=1.152e-06
User Optimization Overheads::Optimization phase time vs reference SpMV+MG time=3.82099e-07
DDOT Timing Variations=
DDOT Timing Variations::Min DDOT MPI_Allreduce time=151.803
DDOT Timing Variations::Max DDOT MPI_Allreduce time=294.166
DDOT Timing Variations::Avg DDOT MPI_Allreduce time=195.239
Final Summary=
Final Summary::HPCG result is VALID with a GFLOP/s rating of=151.1
Final Summary::HPCG 2.4 rating for historical reasons is=153.135
Final Summary::Reference version of ComputeDotProduct used=Performance results are most likely suboptimal
Final Summary::Reference version of ComputeSPMV used=Performance results are most likely suboptimal
Final Summary::Reference version of ComputeMG used=Performance results are most likely suboptimal
Final Summary::Reference version of ComputeWAXPBY used=Performance results are most likely suboptimal
Final Summary::Please upload results from the YAML file contents to=http://hpcg-benchmark.org
BRUHBRUHBRUH\n\nBRUHBRUHBRUHBRUHBRUH
HPCG-Benchmark
version=3.1
Release date=March 28, 2019
Machine Summary=
Machine Summary::Distributed Processes=256
Machine Summary::Threads per processes=1
Global Problem Dimensions=
Global Problem Dimensions::Global nx=1024
Global Problem Dimensions::Global ny=1024
Global Problem Dimensions::Global nz=512
Processor Dimensions=
Processor Dimensions::npx=8
Processor Dimensions::npy=8
Processor Dimensions::npz=4
Local Domain Dimensions=
Local Domain Dimensions::nx=128
Local Domain Dimensions::ny=128
Local Domain Dimensions::Lower ipz=0
Local Domain Dimensions::Upper ipz=3
Local Domain Dimensions::nz=128
########## Problem Summary  ##########=
Setup Information=
Setup Information::Setup Time=9.80564
Linear System Information=
Linear System Information::Number of Equations=536870912
Linear System Information::Number of Nonzero Terms=14457796600
Multigrid Information=
Multigrid Information::Number of coarse grid levels=3
Multigrid Information::Coarse Grids=
Multigrid Information::Coarse Grids::Grid Level=1
Multigrid Information::Coarse Grids::Number of Equations=67108864
Multigrid Information::Coarse Grids::Number of Nonzero Terms=1802517496
Multigrid Information::Coarse Grids::Number of Presmoother Steps=1
Multigrid Information::Coarse Grids::Number of Postsmoother Steps=1
Multigrid Information::Coarse Grids::Grid Level=2
Multigrid Information::Coarse Grids::Number of Equations=8388608
Multigrid Information::Coarse Grids::Number of Nonzero Terms=224140792
Multigrid Information::Coarse Grids::Number of Presmoother Steps=1
Multigrid Information::Coarse Grids::Number of Postsmoother Steps=1
Multigrid Information::Coarse Grids::Grid Level=3
Multigrid Information::Coarse Grids::Number of Equations=1048576
Multigrid Information::Coarse Grids::Number of Nonzero Terms=27725560
Multigrid Information::Coarse Grids::Number of Presmoother Steps=1
Multigrid Information::Coarse Grids::Number of Postsmoother Steps=1
########## Memory Use Summary  ##########=
Memory Use Information=
Memory Use Information::Total memory used for data (Gbytes)=383.967
Memory Use Information::Memory used for OptimizeProblem data (Gbytes)=0
Memory Use Information::Bytes per equation (Total memory / Number of Equations)=715.193
Memory Use Information::Memory used for linear system and CG (Gbytes)=337.895
Memory Use Information::Coarse Grids=
Memory Use Information::Coarse Grids::Grid Level=1
Memory Use Information::Coarse Grids::Memory used=40.3837
Memory Use Information::Coarse Grids::Grid Level=2
Memory Use Information::Coarse Grids::Memory used=5.05457
Memory Use Information::Coarse Grids::Grid Level=3
Memory Use Information::Coarse Grids::Memory used=0.633551
########## V&V Testing Summary  ##########=
Spectral Convergence Tests=
Spectral Convergence Tests::Result=PASSED
Spectral Convergence Tests::Unpreconditioned=
Spectral Convergence Tests::Unpreconditioned::Maximum iteration count=11
Spectral Convergence Tests::Unpreconditioned::Expected iteration count=12
Spectral Convergence Tests::Preconditioned=
Spectral Convergence Tests::Preconditioned::Maximum iteration count=2
Spectral Convergence Tests::Preconditioned::Expected iteration count=2
Departure from Symmetry |x'Ay-y'Ax|/(2*||x||*||A||*||y||)/epsilon=
Departure from Symmetry |x'Ay-y'Ax|/(2*||x||*||A||*||y||)/epsilon::Result=PASSED
Departure from Symmetry |x'Ay-y'Ax|/(2*||x||*||A||*||y||)/epsilon::Departure for SpMV=9.41587e-11
Departure from Symmetry |x'Ay-y'Ax|/(2*||x||*||A||*||y||)/epsilon::Departure for MG=7.07218e-11
########## Iterations Summary  ##########=
Iteration Count Information=
Iteration Count Information::Result=PASSED
Iteration Count Information::Reference CG iterations per set=50
Iteration Count Information::Optimized CG iterations per set=50
Iteration Count Information::Total number of reference iterations=2350
Iteration Count Information::Total number of optimized iterations=2350
########## Reproducibility Summary  ##########=
Reproducibility Information=
Reproducibility Information::Result=PASSED
Reproducibility Information::Scaled residual mean=0.00489664
Reproducibility Information::Scaled residual variance=0
########## Performance Summary (times in sec) ##########=
Benchmark Time Summary=
Benchmark Time Summary::Optimization phase=4.608e-06
Benchmark Time Summary::DDOT=224.351
Benchmark Time Summary::WAXPBY=150.726
Benchmark Time Summary::SpMV=845.279
Benchmark Time Summary::MG=4860.57
Benchmark Time Summary::Total=6081.73
Floating Point Operations Summary=
Floating Point Operations Summary::Raw DDOT=7.62035e+12
Floating Point Operations Summary::Raw WAXPBY=7.62035e+12
Floating Point Operations Summary::Raw SpMV=6.93107e+13
Floating Point Operations Summary::Raw MG=3.87645e+14
Floating Point Operations Summary::Total=4.72197e+14
Floating Point Operations Summary::Total with convergence overhead=4.72197e+14
GB/s Summary=
GB/s Summary::Raw Read B/W=478.238
GB/s Summary::Raw Write B/W=110.515
GB/s Summary::Raw Total B/W=588.753
GB/s Summary::Total with convergence and optimization phase overhead=584.325
GFLOP/s Summary=
GFLOP/s Summary::Raw DDOT=33.9662
GFLOP/s Summary::Raw WAXPBY=50.5576
GFLOP/s Summary::Raw SpMV=81.9974
GFLOP/s Summary::Raw MG=79.7531
GFLOP/s Summary::Raw Total=77.6418
GFLOP/s Summary::Total with convergence overhead=77.6418
GFLOP/s Summary::Total with convergence and optimization phase overhead=77.0579
User Optimization Overheads=
User Optimization Overheads::Optimization phase time (sec)=4.608e-06
User Optimization Overheads::Optimization phase time vs reference SpMV+MG time=1.5851e-06
DDOT Timing Variations=
DDOT Timing Variations::Min DDOT MPI_Allreduce time=91.7846
DDOT Timing Variations::Max DDOT MPI_Allreduce time=276.462
DDOT Timing Variations::Avg DDOT MPI_Allreduce time=126.779
Final Summary=
Final Summary::HPCG result is VALID with a GFLOP/s rating of=77.0579
Final Summary::HPCG 2.4 rating for historical reasons is=77.6418
Final Summary::Reference version of ComputeDotProduct used=Performance results are most likely suboptimal
Final Summary::Reference version of ComputeSPMV used=Performance results are most likely suboptimal
Final Summary::Reference version of ComputeMG used=Performance results are most likely suboptimal
Final Summary::Reference version of ComputeWAXPBY used=Performance results are most likely suboptimal
Final Summary::Please upload results from the YAML file contents to=http://hpcg-benchmark.org
BRUHBRUHBRUH\n\nBRUHBRUHBRUHBRUHBRUH
HPCG-Benchmark
version=3.1
Release date=March 28, 2019
Machine Summary=
Machine Summary::Distributed Processes=128
Machine Summary::Threads per processes=1
Global Problem Dimensions=
Global Problem Dimensions::Global nx=1024
Global Problem Dimensions::Global ny=512
Global Problem Dimensions::Global nz=512
Processor Dimensions=
Processor Dimensions::npx=8
Processor Dimensions::npy=4
Processor Dimensions::npz=4
Local Domain Dimensions=
Local Domain Dimensions::nx=128
Local Domain Dimensions::ny=128
Local Domain Dimensions::Lower ipz=0
Local Domain Dimensions::Upper ipz=3
Local Domain Dimensions::nz=128
########## Problem Summary  ##########=
Setup Information=
Setup Information::Setup Time=8.0055
Linear System Information=
Linear System Information::Number of Equations=268435456
Linear System Information::Number of Nonzero Terms=7224188920
Multigrid Information=
Multigrid Information::Number of coarse grid levels=3
Multigrid Information::Coarse Grids=
Multigrid Information::Coarse Grids::Grid Level=1
Multigrid Information::Coarse Grids::Number of Equations=33554432
Multigrid Information::Coarse Grids::Number of Nonzero Terms=900083704
Multigrid Information::Coarse Grids::Number of Presmoother Steps=1
Multigrid Information::Coarse Grids::Number of Postsmoother Steps=1
Multigrid Information::Coarse Grids::Grid Level=2
Multigrid Information::Coarse Grids::Number of Equations=4194304
Multigrid Information::Coarse Grids::Number of Nonzero Terms=111777784
Multigrid Information::Coarse Grids::Number of Presmoother Steps=1
Multigrid Information::Coarse Grids::Number of Postsmoother Steps=1
Multigrid Information::Coarse Grids::Grid Level=3
Multigrid Information::Coarse Grids::Number of Equations=524288
Multigrid Information::Coarse Grids::Number of Nonzero Terms=13790200
Multigrid Information::Coarse Grids::Number of Presmoother Steps=1
Multigrid Information::Coarse Grids::Number of Postsmoother Steps=1
########## Memory Use Summary  ##########=
Memory Use Information=
Memory Use Information::Total memory used for data (Gbytes)=191.983
Memory Use Information::Memory used for OptimizeProblem data (Gbytes)=0
Memory Use Information::Bytes per equation (Total memory / Number of Equations)=715.194
Memory Use Information::Memory used for linear system and CG (Gbytes)=168.947
Memory Use Information::Coarse Grids=
Memory Use Information::Coarse Grids::Grid Level=1
Memory Use Information::Coarse Grids::Memory used=20.1919
Memory Use Information::Coarse Grids::Grid Level=2
Memory Use Information::Coarse Grids::Memory used=2.52731
Memory Use Information::Coarse Grids::Grid Level=3
Memory Use Information::Coarse Grids::Memory used=0.316781
########## V&V Testing Summary  ##########=
Spectral Convergence Tests=
Spectral Convergence Tests::Result=PASSED
Spectral Convergence Tests::Unpreconditioned=
Spectral Convergence Tests::Unpreconditioned::Maximum iteration count=11
Spectral Convergence Tests::Unpreconditioned::Expected iteration count=12
Spectral Convergence Tests::Preconditioned=
Spectral Convergence Tests::Preconditioned::Maximum iteration count=2
Spectral Convergence Tests::Preconditioned::Expected iteration count=2
Departure from Symmetry |x'Ay-y'Ax|/(2*||x||*||A||*||y||)/epsilon=
Departure from Symmetry |x'Ay-y'Ax|/(2*||x||*||A||*||y||)/epsilon::Result=PASSED
Departure from Symmetry |x'Ay-y'Ax|/(2*||x||*||A||*||y||)/epsilon::Departure for SpMV=2.54924e-10
Departure from Symmetry |x'Ay-y'Ax|/(2*||x||*||A||*||y||)/epsilon::Departure for MG=4.60508e-11
########## Iterations Summary  ##########=
Iteration Count Information=
Iteration Count Information::Result=PASSED
Iteration Count Information::Reference CG iterations per set=50
Iteration Count Information::Optimized CG iterations per set=50
Iteration Count Information::Total number of reference iterations=2350
Iteration Count Information::Total number of optimized iterations=2350
########## Reproducibility Summary  ##########=
Reproducibility Information=
Reproducibility Information::Result=PASSED
Reproducibility Information::Scaled residual mean=0.004779
Reproducibility Information::Scaled residual variance=0
########## Performance Summary (times in sec) ##########=
Benchmark Time Summary=
Benchmark Time Summary::Optimization phase=3.91e-07
Benchmark Time Summary::DDOT=189.38
Benchmark Time Summary::WAXPBY=148.655
Benchmark Time Summary::SpMV=846.221
Benchmark Time Summary::MG=4862.29
Benchmark Time Summary::Total=6047.34
Floating Point Operations Summary=
Floating Point Operations Summary::Raw DDOT=3.81017e+12
Floating Point Operations Summary::Raw WAXPBY=3.81017e+12
Floating Point Operations Summary::Raw SpMV=3.46328e+13
Floating Point Operations Summary::Raw MG=1.93677e+14
Floating Point Operations Summary::Total=2.3593e+14
Floating Point Operations Summary::Total with convergence overhead=2.3593e+14
GB/s Summary=
GB/s Summary::Raw Read B/W=240.312
GB/s Summary::Raw Write B/W=55.5335
GB/s Summary::Raw Total B/W=295.845
GB/s Summary::Total with convergence and optimization phase overhead=294.016
GFLOP/s Summary=
GFLOP/s Summary::Raw DDOT=20.1191
GFLOP/s Summary::Raw WAXPBY=25.631
GFLOP/s Summary::Raw SpMV=40.9264
GFLOP/s Summary::Raw MG=39.8324
GFLOP/s Summary::Raw Total=39.0138
GFLOP/s Summary::Total with convergence overhead=39.0138
GFLOP/s Summary::Total with convergence and optimization phase overhead=38.7726
User Optimization Overheads=
User Optimization Overheads::Optimization phase time (sec)=3.91e-07
User Optimization Overheads::Optimization phase time vs reference SpMV+MG time=1.58472e-07
DDOT Timing Variations=
DDOT Timing Variations::Min DDOT MPI_Allreduce time=61.6797
DDOT Timing Variations::Max DDOT MPI_Allreduce time=171.194
DDOT Timing Variations::Avg DDOT MPI_Allreduce time=101.485
Final Summary=
Final Summary::HPCG result is VALID with a GFLOP/s rating of=38.7726
Final Summary::HPCG 2.4 rating for historical reasons is=39.0138
Final Summary::Reference version of ComputeDotProduct used=Performance results are most likely suboptimal
Final Summary::Reference version of ComputeSPMV used=Performance results are most likely suboptimal
Final Summary::Reference version of ComputeMG used=Performance results are most likely suboptimal
Final Summary::Reference version of ComputeWAXPBY used=Performance results are most likely suboptimal
Final Summary::Please upload results from the YAML file contents to=http://hpcg-benchmark.org
BRUHBRUHBRUH\n\nBRUHBRUHBRUHBRUHBRUH
HPCG-Benchmark
version=3.1
Release date=March 28, 2019
Machine Summary=
Machine Summary::Distributed Processes=2048
Machine Summary::Threads per processes=1
Global Problem Dimensions=
Global Problem Dimensions::Global nx=2048
Global Problem Dimensions::Global ny=2048
Global Problem Dimensions::Global nz=1024
Processor Dimensions=
Processor Dimensions::npx=16
Processor Dimensions::npy=16
Processor Dimensions::npz=8
Local Domain Dimensions=
Local Domain Dimensions::nx=128
Local Domain Dimensions::ny=128
Local Domain Dimensions::Lower ipz=0
Local Domain Dimensions::Upper ipz=7
Local Domain Dimensions::nz=128
########## Problem Summary  ##########=
Setup Information=
Setup Information::Setup Time=14.0197
Linear System Information=
Linear System Information::Number of Equations=4294967296
Linear System Information::Number of Nonzero Terms=115813183480
Multigrid Information=
Multigrid Information::Number of coarse grid levels=3
Multigrid Information::Coarse Grids=
Multigrid Information::Coarse Grids::Grid Level=1
Multigrid Information::Coarse Grids::Number of Equations=536870912
Multigrid Information::Coarse Grids::Number of Nonzero Terms=14457796600
Multigrid Information::Coarse Grids::Number of Presmoother Steps=1
Multigrid Information::Coarse Grids::Number of Postsmoother Steps=1
Multigrid Information::Coarse Grids::Grid Level=2
Multigrid Information::Coarse Grids::Number of Equations=67108864
Multigrid Information::Coarse Grids::Number of Nonzero Terms=1802517496
Multigrid Information::Coarse Grids::Number of Presmoother Steps=1
Multigrid Information::Coarse Grids::Number of Postsmoother Steps=1
Multigrid Information::Coarse Grids::Grid Level=3
Multigrid Information::Coarse Grids::Number of Equations=8388608
Multigrid Information::Coarse Grids::Number of Nonzero Terms=224140792
Multigrid Information::Coarse Grids::Number of Presmoother Steps=1
Multigrid Information::Coarse Grids::Number of Postsmoother Steps=1
########## Memory Use Summary  ##########=
Memory Use Information=
Memory Use Information::Total memory used for data (Gbytes)=3071.73
Memory Use Information::Memory used for OptimizeProblem data (Gbytes)=0
Memory Use Information::Bytes per equation (Total memory / Number of Equations)=715.193
Memory Use Information::Memory used for linear system and CG (Gbytes)=2703.16
Memory Use Information::Coarse Grids=
Memory Use Information::Coarse Grids::Grid Level=1
Memory Use Information::Coarse Grids::Memory used=323.069
Memory Use Information::Coarse Grids::Grid Level=2
Memory Use Information::Coarse Grids::Memory used=40.4363
Memory Use Information::Coarse Grids::Grid Level=3
Memory Use Information::Coarse Grids::Memory used=5.06834
########## V&V Testing Summary  ##########=
Spectral Convergence Tests=
Spectral Convergence Tests::Result=PASSED
Spectral Convergence Tests::Unpreconditioned=
Spectral Convergence Tests::Unpreconditioned::Maximum iteration count=11
Spectral Convergence Tests::Unpreconditioned::Expected iteration count=12
Spectral Convergence Tests::Preconditioned=
Spectral Convergence Tests::Preconditioned::Maximum iteration count=2
Spectral Convergence Tests::Preconditioned::Expected iteration count=2
Departure from Symmetry |x'Ay-y'Ax|/(2*||x||*||A||*||y||)/epsilon=
Departure from Symmetry |x'Ay-y'Ax|/(2*||x||*||A||*||y||)/epsilon::Result=PASSED
Departure from Symmetry |x'Ay-y'Ax|/(2*||x||*||A||*||y||)/epsilon::Departure for SpMV=8.30071e-12
Departure from Symmetry |x'Ay-y'Ax|/(2*||x||*||A||*||y||)/epsilon::Departure for MG=7.60684e-12
########## Iterations Summary  ##########=
Iteration Count Information=
Iteration Count Information::Result=PASSED
Iteration Count Information::Reference CG iterations per set=50
Iteration Count Information::Optimized CG iterations per set=50
Iteration Count Information::Total number of reference iterations=1950
Iteration Count Information::Total number of optimized iterations=1950
########## Reproducibility Summary  ##########=
Reproducibility Information=
Reproducibility Information::Result=PASSED
Reproducibility Information::Scaled residual mean=0.00504528
Reproducibility Information::Scaled residual variance=0
########## Performance Summary (times in sec) ##########=
Benchmark Time Summary=
Benchmark Time Summary::Optimization phase=1.212e-06
Benchmark Time Summary::DDOT=584.112
Benchmark Time Summary::WAXPBY=128.193
Benchmark Time Summary::SpMV=702.201
Benchmark Time Summary::MG=4032.04
Benchmark Time Summary::Total=5447.22
Floating Point Operations Summary=
Floating Point Operations Summary::Raw DDOT=5.05861e+13
Floating Point Operations Summary::Raw WAXPBY=5.05861e+13
Floating Point Operations Summary::Raw SpMV=4.60705e+14
Floating Point Operations Summary::Raw MG=2.57718e+15
Floating Point Operations Summary::Total=3.13906e+15
Floating Point Operations Summary::Total with convergence overhead=3.13906e+15
GB/s Summary=
GB/s Summary::Raw Read B/W=3549.42
GB/s Summary::Raw Write B/W=820.223
GB/s Summary::Raw Total B/W=4369.64
GB/s Summary::Total with convergence and optimization phase overhead=4326.21
GFLOP/s Summary=
GFLOP/s Summary::Raw DDOT=86.6034
GFLOP/s Summary::Raw WAXPBY=394.609
GFLOP/s Summary::Raw SpMV=656.087
GFLOP/s Summary::Raw MG=639.176
GFLOP/s Summary::Raw Total=576.268
GFLOP/s Summary::Total with convergence overhead=576.268
GFLOP/s Summary::Total with convergence and optimization phase overhead=570.542
User Optimization Overheads=
User Optimization Overheads::Optimization phase time (sec)=1.212e-06
User Optimization Overheads::Optimization phase time vs reference SpMV+MG time=2.52719e-07
DDOT Timing Variations=
DDOT Timing Variations::Min DDOT MPI_Allreduce time=167.279
DDOT Timing Variations::Max DDOT MPI_Allreduce time=619.659
DDOT Timing Variations::Avg DDOT MPI_Allreduce time=409.519
Final Summary=
Final Summary::HPCG result is VALID with a GFLOP/s rating of=570.542
Final Summary::HPCG 2.4 rating for historical reasons is=576.268
Final Summary::Reference version of ComputeDotProduct used=Performance results are most likely suboptimal
Final Summary::Reference version of ComputeSPMV used=Performance results are most likely suboptimal
Final Summary::Reference version of ComputeMG used=Performance results are most likely suboptimal
Final Summary::Reference version of ComputeWAXPBY used=Performance results are most likely suboptimal
Final Summary::Please upload results from the YAML file contents to=http://hpcg-benchmark.org
[xdrs67@login1.ham8 bin]$ 

